Determining if the pthread_create exist failed with the following output:
Change Dir: /home/student/CarND-Capstone-master/ros/build/CMakeFiles/CMakeTmp

Run Build Command:"/usr/bin/make" "cmTC_5fd32/fast"
/usr/bin/make -f CMakeFiles/cmTC_5fd32.dir/build.make CMakeFiles/cmTC_5fd32.dir/build
make[1]: Entering directory '/home/student/CarND-Capstone-master/ros/build/CMakeFiles/CMakeTmp'
Building C object CMakeFiles/cmTC_5fd32.dir/CheckSymbolExists.c.o
/usr/bin/cc     -o CMakeFiles/cmTC_5fd32.dir/CheckSymbolExists.c.o   -c /home/student/CarND-Capstone-master/ros/build/CMakeFiles/CMakeTmp/CheckSymbolExists.c
Linking C executable cmTC_5fd32
/usr/bin/cmake -E cmake_link_script CMakeFiles/cmTC_5fd32.dir/link.txt --verbose=1
/usr/bin/cc       CMakeFiles/cmTC_5fd32.dir/CheckSymbolExists.c.o  -o cmTC_5fd32 -rdynamic 
CMakeFiles/cmTC_5fd32.dir/CheckSymbolExists.c.o: In function `main':
CheckSymbolExists.c:(.text+0x16): undefined reference to `pthread_create'
collect2: error: ld returned 1 exit status
CMakeFiles/cmTC_5fd32.dir/build.make:97: recipe for target 'cmTC_5fd32' failed
make[1]: *** [cmTC_5fd32] Error 1
make[1]: Leaving directory '/home/student/CarND-Capstone-master/ros/build/CMakeFiles/CMakeTmp'
Makefile:126: recipe for target 'cmTC_5fd32/fast' failed
make: *** [cmTC_5fd32/fast] Error 2

File /home/student/CarND-Capstone-master/ros/build/CMakeFiles/CMakeTmp/CheckSymbolExists.c:
/* */
#include <pthread.h>

int main(int argc, char** argv)
{
  (void)argv;
#ifndef pthread_create
  return ((int*)(&pthread_create))[argc];
#else
  (void)argc;
  return 0;
#endif
}

Determining if the function pthread_create exists in the pthreads failed with the following output:
Change Dir: /home/student/CarND-Capstone-master/ros/build/CMakeFiles/CMakeTmp

Run Build Command:"/usr/bin/make" "cmTC_ca8e8/fast"
/usr/bin/make -f CMakeFiles/cmTC_ca8e8.dir/build.make CMakeFiles/cmTC_ca8e8.dir/build
make[1]: Entering directory '/home/student/CarND-Capstone-master/ros/build/CMakeFiles/CMakeTmp'
Building C object CMakeFiles/cmTC_ca8e8.dir/CheckFunctionExists.c.o
/usr/bin/cc    -DCHECK_FUNCTION_EXISTS=pthread_create   -o CMakeFiles/cmTC_ca8e8.dir/CheckFunctionExists.c.o   -c /usr/share/cmake-3.5/Modules/CheckFunctionExists.c
Linking C executable cmTC_ca8e8
/usr/bin/cmake -E cmake_link_script CMakeFiles/cmTC_ca8e8.dir/link.txt --verbose=1
/usr/bin/cc   -DCHECK_FUNCTION_EXISTS=pthread_create    CMakeFiles/cmTC_ca8e8.dir/CheckFunctionExists.c.o  -o cmTC_ca8e8 -rdynamic -lpthreads 
/usr/bin/ld: cannot find -lpthreads
collect2: error: ld returned 1 exit status
CMakeFiles/cmTC_ca8e8.dir/build.make:97: recipe for target 'cmTC_ca8e8' failed
make[1]: *** [cmTC_ca8e8] Error 1
make[1]: Leaving directory '/home/student/CarND-Capstone-master/ros/build/CMakeFiles/CMakeTmp'
Makefile:126: recipe for target 'cmTC_ca8e8/fast' failed
make: *** [cmTC_ca8e8/fast] Error 2


